<?xml version='1.0' encoding='utf-8'?>
<!DOCTYPE hibernate-configuration PUBLIC
    "-//Hibernate/Hibernate Configuration DTD//EN"
    "http://hibernate.sourceforge.net/hibernate-configuration-3.0.dtd">

<hibernate-configuration>
    <!-- conventional example. 
      the idea is to modify this to accept a datasource provided either via jndi
      or constructed ad hoc. -->
    <session-factory>

        <!-- properties -->
        <property name="hibernate.connection.driver_class">org.h2.Driver</property>
        <property name="hibernate.connection.url">jdbc:h2:mem:mydb</property>
        <property name="hibernate.connection.username"></property>
        <property name="hibernate.connection.password"></property>
        <property name="hibernate.default_schema">PUBLIC</property> 
        <property name="hibernate.dialect">org.hibernate.dialect.H2Dialect</property>
        <property name="show_sql">true</property>
        <property name="hibernate.hbm2ddl.auto">update</property>

        <!-- mapping files -->
        <mapping resource="post.hbm.xml"/>


    </session-factory>

</hibernate-configuration>